# JRE version: Java(TM) SE Runtime Environment (8.0_92-b14) (build 1.8.0_92-b14)
# Java VM: Java HotSpot(TM) 64-Bit Server VM (25.92-b14 mixed mode windows-amd64 compressed oops)
Heap:
 PSYoungGen      total 221184K, used 124123K [0x00000000ebc00000, 0x0000000100000000, 0x0000000100000000)
  eden space 110592K, 99% used [0x00000000ebc00000,0x00000000f27ffa70,0x00000000f2800000)
  from space 110592K, 12% used [0x00000000f9400000,0x00000000fa1373e0,0x0000000100000000)
  to   space 110592K, 0% used [0x00000000f2800000,0x00000000f2800000,0x00000000f9400000)
 ParOldGen       total 663552K, used 663073K [0x00000000c3400000, 0x00000000ebc00000, 0x00000000ebc00000)
  object space 663552K, 99% used [0x00000000c3400000,0x00000000ebb88618,0x00000000ebc00000)
 Metaspace       used 20073K, capacity 20986K, committed 21248K, reserved 1067008K
  class space    used 2839K, capacity 3053K, committed 3072K, reserved 1048576K
GC Heap History (10 events):
Event: 21.198 GC heap before
{Heap before GC invocations=160 (full 140):
 PSYoungGen      total 221184K, used 124124K [0x00000000ebc00000, 0x0000000100000000, 0x0000000100000000)
  eden space 110592K, 100% used [0x00000000ebc00000,0x00000000f2800000,0x00000000f2800000)
  from space 110592K, 12% used [0x00000000f9400000,0x00000000fa1373e0,0x0000000100000000)
  to   space 110592K, 0% used [0x00000000f2800000,0x00000000f2800000,0x00000000f9400000)
 ParOldGen       total 663552K, used 663057K [0x00000000c3400000, 0x00000000ebc00000, 0x00000000ebc00000)
  object space 663552K, 99% used [0x00000000c3400000,0x00000000ebb84660,0x00000000ebc00000)
 Metaspace       used 20053K, capacity 20992K, committed 21248K, reserved 1067008K
  class space    used 2839K, capacity 3054K, committed 3072K, reserved 1048576K
Event: 21.270 GC heap after
Heap after GC invocations=160 (full 140):
 PSYoungGen      total 221184K, used 124120K [0x00000000ebc00000, 0x0000000100000000, 0x0000000100000000)
  eden space 110592K, 99% used [0x00000000ebc00000,0x00000000f27fef78,0x00000000f2800000)
  from space 110592K, 12% used [0x00000000f9400000,0x00000000fa1373e0,0x0000000100000000)
  to   space 110592K, 0% used [0x00000000f2800000,0x00000000f2800000,0x00000000f9400000)
 ParOldGen       total 663552K, used 663057K [0x00000000c3400000, 0x00000000ebc00000, 0x00000000ebc00000)
  object space 663552K, 99% used [0x00000000c3400000,0x00000000ebb84530,0x00000000ebc00000)
 Metaspace       used 20051K, capacity 20986K, committed 21248K, reserved 1067008K
  class space    used 2839K, capacity 3053K, committed 3072K, reserved 1048576K
}
Event: 21.270 GC heap before
{Heap before GC invocations=161 (full 141):
 PSYoungGen      total 221184K, used 124123K [0x00000000ebc00000, 0x0000000100000000, 0x0000000100000000)
  eden space 110592K, 99% used [0x00000000ebc00000,0x00000000f27ff868,0x00000000f2800000)
  from space 110592K, 12% used [0x00000000f9400000,0x00000000fa1373e0,0x0000000100000000)
  to   space 110592K, 0% used [0x00000000f2800000,0x00000000f2800000,0x00000000f9400000)
 ParOldGen       total 663552K, used 663057K [0x00000000c3400000, 0x00000000ebc00000, 0x00000000ebc00000)
  object space 663552K, 99% used [0x00000000c3400000,0x00000000ebb84530,0x00000000ebc00000)
 Metaspace       used 20052K, capacity 20986K, committed 21248K, reserved 1067008K
  class space    used 2839K, capacity 3053K, committed 3072K, reserved 1048576K
Event: 21.335 GC heap after
Heap after GC invocations=161 (full 141):
 PSYoungGen      total 221184K, used 124121K [0x00000000ebc00000, 0x0000000100000000, 0x0000000100000000)
  eden space 110592K, 99% used [0x00000000ebc00000,0x00000000f27ff0f0,0x00000000f2800000)
  from space 110592K, 12% used [0x00000000f9400000,0x00000000fa1373e0,0x0000000100000000)
  to   space 110592K, 0% used [0x00000000f2800000,0x00000000f2800000,0x00000000f9400000)
 ParOldGen       total 663552K, used 663057K [0x00000000c3400000, 0x00000000ebc00000, 0x00000000ebc00000)
  object space 663552K, 99% used [0x00000000c3400000,0x00000000ebb84530,0x00000000ebc00000)
 Metaspace       used 20052K, capacity 20986K, committed 21248K, reserved 1067008K
  class space    used 2839K, capacity 3053K, committed 3072K, reserved 1048576K
}
Event: 21.336 GC heap before
{Heap before GC invocations=162 (full 142):
 PSYoungGen      total 221184K, used 124124K [0x00000000ebc00000, 0x0000000100000000, 0x0000000100000000)
  eden space 110592K, 100% used [0x00000000ebc00000,0x00000000f2800000,0x00000000f2800000)
  from space 110592K, 12% used [0x00000000f9400000,0x00000000fa1373e0,0x0000000100000000)
  to   space 110592K, 0% used [0x00000000f2800000,0x00000000f2800000,0x00000000f9400000)
 ParOldGen       total 663552K, used 663080K [0x00000000c3400000, 0x00000000ebc00000, 0x00000000ebc00000)
  object space 663552K, 99% used [0x00000000c3400000,0x00000000ebb8a340,0x00000000ebc00000)
 Metaspace       used 20063K, capacity 20986K, committed 21248K, reserved 1067008K
  class space    used 2839K, capacity 3053K, committed 3072K, reserved 1048576K
Event: 21.401 GC heap after
Heap after GC invocations=162 (full 142):
 PSYoungGen      total 221184K, used 124120K [0x00000000ebc00000, 0x0000000100000000, 0x0000000100000000)
  eden space 110592K, 99% used [0x00000000ebc00000,0x00000000f27feff0,0x00000000f2800000)
  from space 110592K, 12% used [0x00000000f9400000,0x00000000fa1373e0,0x0000000100000000)
  to   space 110592K, 0% used [0x00000000f2800000,0x00000000f2800000,0x00000000f9400000)
 ParOldGen       total 663552K, used 663064K [0x00000000c3400000, 0x00000000ebc00000, 0x00000000ebc00000)
  object space 663552K, 99% used [0x00000000c3400000,0x00000000ebb862f0,0x00000000ebc00000)
 Metaspace       used 20063K, capacity 20986K, committed 21248K, reserved 1067008K
  class space    used 2839K, capacity 3053K, committed 3072K, reserved 1048576K
}
Event: 21.401 GC heap before
{Heap before GC invocations=163 (full 143):
 PSYoungGen      total 221184K, used 124124K [0x00000000ebc00000, 0x0000000100000000, 0x0000000100000000)
  eden space 110592K, 100% used [0x00000000ebc00000,0x00000000f2800000,0x00000000f2800000)
  from space 110592K, 12% used [0x00000000f9400000,0x00000000fa1373e0,0x0000000100000000)
  to   space 110592K, 0% used [0x00000000f2800000,0x00000000f2800000,0x00000000f9400000)
 ParOldGen       total 663552K, used 663064K [0x00000000c3400000, 0x00000000ebc00000, 0x00000000ebc00000)
  object space 663552K, 99% used [0x00000000c3400000,0x00000000ebb862f0,0x00000000ebc00000)
 Metaspace       used 20063K, capacity 20986K, committed 21248K, reserved 1067008K
  class space    used 2839K, capacity 3053K, committed 3072K, reserved 1048576K
Event: 21.466 GC heap after
Heap after GC invocations=163 (full 143):
 PSYoungGen      total 221184K, used 124121K [0x00000000ebc00000, 0x0000000100000000, 0x0000000100000000)
  eden space 110592K, 99% used [0x00000000ebc00000,0x00000000f27ff318,0x00000000f2800000)
  from space 110592K, 12% used [0x00000000f9400000,0x00000000fa1373e0,0x0000000100000000)
  to   space 110592K, 0% used [0x00000000f2800000,0x00000000f2800000,0x00000000f9400000)
 ParOldGen       total 663552K, used 663064K [0x00000000c3400000, 0x00000000ebc00000, 0x00000000ebc00000)
  object space 663552K, 99% used [0x00000000c3400000,0x00000000ebb86290,0x00000000ebc00000)
 Metaspace       used 20063K, capacity 20986K, committed 21248K, reserved 1067008K
  class space    used 2839K, capacity 3053K, committed 3072K, reserved 1048576K
}
Event: 21.467 GC heap before
{Heap before GC invocations=164 (full 144):
 PSYoungGen      total 221184K, used 124124K [0x00000000ebc00000, 0x0000000100000000, 0x0000000100000000)
  eden space 110592K, 100% used [0x00000000ebc00000,0x00000000f2800000,0x00000000f2800000)
  from space 110592K, 12% used [0x00000000f9400000,0x00000000fa1373e0,0x0000000100000000)
  to   space 110592K, 0% used [0x00000000f2800000,0x00000000f2800000,0x00000000f9400000)
 ParOldGen       total 663552K, used 663089K [0x00000000c3400000, 0x00000000ebc00000, 0x00000000ebc00000)
  object space 663552K, 99% used [0x00000000c3400000,0x00000000ebb8c648,0x00000000ebc00000)
 Metaspace       used 20073K, capacity 20986K, committed 21248K, reserved 1067008K
  class space    used 2839K, capacity 3053K, committed 3072K, reserved 1048576K
Event: 21.532 GC heap after
Heap after GC invocations=164 (full 144):
 PSYoungGen      total 221184K, used 124121K [0x00000000ebc00000, 0x0000000100000000, 0x0000000100000000)
  eden space 110592K, 99% used [0x00000000ebc00000,0x00000000f27ff200,0x00000000f2800000)
  from space 110592K, 12% used [0x00000000f9400000,0x00000000fa1373e0,0x0000000100000000)
  to   space 110592K, 0% used [0x00000000f2800000,0x00000000f2800000,0x00000000f9400000)
 ParOldGen       total 663552K, used 663073K [0x00000000c3400000, 0x00000000ebc00000, 0x00000000ebc00000)
  object space 663552K, 99% used [0x00000000c3400000,0x00000000ebb88618,0x00000000ebc00000)
 Metaspace       used 20073K, capacity 20986K, committed 21248K, reserved 1067008K
  class space    used 2839K, capacity 3053K, committed 3072K, reserved 1048576K
}

